Arguments: 
  /home/stinodes/.nvm/versions/node/v12.18.0/bin/node /home/stinodes/.nvm/versions/node/v12.18.0/bin/yarn set version classic

PATH: 
  /home/stinodes/.nvm/versions/node/v12.18.0/bin:/usr/local/sbin:/usr/local/bin:/usr/sbin:/usr/bin:/sbin:/bin:/usr/games:/usr/local/games:/mnt/c/Program Files (x86)/Razer Chroma SDK/bin:/mnt/c/Program Files/Razer Chroma SDK/bin:/mnt/c/Windows/system32:/mnt/c/Windows:/mnt/c/Windows/System32/Wbem:/mnt/c/Windows/System32/WindowsPowerShell/v1.0/:/mnt/c/Program Files (x86)/NVIDIA Corporation/PhysX/Common:/mnt/c/Program Files (x86)/QuickTime/QTSystem/:/mnt/c/WINDOWS/system32:/mnt/c/WINDOWS:/mnt/c/WINDOWS/System32/Wbem:/mnt/c/WINDOWS/System32/WindowsPowerShell/v1.0/:/mnt/c/Program Files/dotnet/:/mnt/c/Python27/:/mnt/c/Users/Gebruiker/AppData/Local/Microsoft/WindowsApps:/mnt/c/Users/Gebruiker/AppData/Roaming/npm:/mnt/c/ffmpeg/ffmpeg-20170111-e71b811-win64-static/bin:/mnt/c/Program Files (x86)/GtkSharp/2.12/bin:/mnt/c/WINDOWS/System32/OpenSSH/:/mnt/c/Program Files/NVIDIA Corporation/NVIDIA NvDLISR:/mnt/c/Program Files (x86)/Yarn/bin/:/mnt/c/WINDOWS/system32:/mnt/c/WINDOWS:/mnt/c/WINDOWS/System32/Wbem:/mnt/c/WINDOWS/System32/WindowsPowerShell/v1.0/:/mnt/c/WINDOWS/System32/OpenSSH/:/mnt/c/Users/Gebruiker/AppData/Roaming/nvm:/mnt/c/Program Files/nodejs:/mnt/c/Program Files/Docker/Docker/resources/bin:/mnt/c/ProgramData/DockerDesktop/version-bin:/mnt/c/Program Files/Git/cmd:/mnt/c/Users/Gebruiker/AppData/Local/Programs/Microsoft VS Code/bin:/mnt/c/Users/Gebruiker/AppData/Local/atom/bin:/mnt/c/Program Files (x86)/Oni/Oni.exe:/mnt/c/Program Files (x86)/Oni:/mnt/c/Users/Gebruiker/AppData/Local/Google/Cloud SDK/google-cloud-sdk/bin:/mnt/c/Users/Gebruiker/AppData/Local/hyper/app-3.0.2/resources/bin:/mnt/c/Users/Gebruiker/AppData/Local/Yarn/bin:/mnt/c/Program Files/Onivim2:/mnt/c/Users/Gebruiker/AppData/Roaming/maven/bin:/mnt/c/Program Files/Java/jdk-14.0.1/bin

Yarn version: 
  1.22.10

Node version: 
  12.18.0

Platform: 
  linux x64

Trace: 
  Error: Release not found: classic
      at /home/stinodes/.nvm/versions/node/v12.18.0/lib/node_modules/yarn/lib/cli.js:89857:17
      at Generator.next (<anonymous>)
      at step (/home/stinodes/.nvm/versions/node/v12.18.0/lib/node_modules/yarn/lib/cli.js:310:30)
      at /home/stinodes/.nvm/versions/node/v12.18.0/lib/node_modules/yarn/lib/cli.js:321:13
      at processTicksAndRejections (internal/process/task_queues.js:97:5)

npm manifest: 
  {
    "name": "stinodes-ui",
    "scripts": {
      "build": "tsc -p tsconfig.json",
      "storybook": "start-storybook -p 6006",
      "build-watch": "yarn build -w",
      "dev": "concurrently \"yarn build-watch\" \"yarn storybook\"",
      "build-storybook": "build-storybook"
    },
    "devDependencies": {
      "@babel/cli": "^7.12.10",
      "@babel/core": "^7.12.10",
      "@babel/preset-env": "^7.12.11",
      "@babel/preset-react": "^7.12.10",
      "@babel/preset-typescript": "^7.12.7",
      "@emotion/babel-plugin": "^11.3.0",
      "@emotion/babel-preset-css-prop": "^11.2.0",
      "@emotion/react": "^11.1.5",
      "@emotion/styled": "^11.3.0",
      "@mdx-js/react": "^1.6.22",
      "@storybook/addon-actions": "^6.2.9",
      "@storybook/addon-docs": "^6.2.9",
      "@storybook/addon-essentials": "^6.2.9",
      "@storybook/addon-links": "^6.2.9",
      "@storybook/react": "^6.2.9",
      "@types/react": "^17.0.0",
      "@types/react-dom": "^17.0.0",
      "babel-core": "7.0.0-bridge.0",
      "babel-loader": "^8.2.2",
      "babel-plugin-styled-components": "^1.12.0",
      "concurrently": "^5.3.0",
      "emotion-theming": "^11.0.0",
      "react": "^17.0.1",
      "react-dom": "^17.0.1",
      "typescript": "^4.2.4",
      "webpack": "^5.15.0"
    },
    "dependencies": {
      "@styled-system/should-forward-prop": "^5.1.5",
      "@styled-system/theme-get": "^5.1.2",
      "@types/ramda": "^0.27.34",
      "@types/react-transition-group": "^4.4.1",
      "@types/styled-system": "^5.1.11",
      "@types/styled-system__should-forward-prop": "^5.1.2",
      "@types/styled-system__theme-get": "^5.0.1",
      "polished": "^4.0.5",
      "ramda": "^0.27.1",
      "react-transition-group": "^4.4.1",
      "styled-system": "^5.1.5"
    },
    "peerDependencies": {
      "@emotion/react": "^11.1.0",
      "@emotion/styled": "^11.0.0",
      "emotion-theming": "^11.0.0",
      "react": "^17.0.0",
      "react-dom": "^17.0.0"
    }
  }

yarn manifest: 
  No manifest

Lockfile: 
  No lockfile
